SF:lib/src/theme/design_theme.dart
DA:6,25
DA:7,25
DA:9,25
DA:20,25
DA:21,25
DA:26,25
DA:31,25
DA:36,25
DA:41,25
DA:46,25
DA:51,25
DA:56,25
DA:62,25
DA:63,25
DA:68,25
DA:69,25
DA:73,25
DA:74,25
DA:79,25
DA:80,25
DA:84,25
DA:85,25
DA:92,25
DA:95,25
DA:96,25
DA:99,25
DA:100,25
DA:103,25
DA:104,25
DA:107,25
DA:108,25
DA:116,25
DA:118,25
DA:119,25
DA:125,1
DA:126,1
DA:129,1
DA:140,1
DA:141,1
DA:146,1
DA:151,1
DA:156,1
DA:161,1
DA:166,1
DA:171,1
DA:176,1
DA:182,1
DA:183,1
DA:188,1
DA:189,1
DA:193,1
DA:194,1
DA:199,1
DA:200,1
DA:204,1
DA:205,1
DA:212,1
DA:215,1
DA:216,1
DA:219,1
DA:220,1
DA:223,1
DA:224,1
DA:227,1
DA:228,1
DA:236,1
DA:238,1
DA:239,1
LF:68
LH:68
end_of_record
SF:lib/src/atoms/button/primary_button.dart
DA:12,4
DA:21,4
DA:23,4
DA:24,8
DA:25,4
DA:32,4
DA:33,4
DA:35,4
DA:39,4
DA:48,4
DA:51,4
DA:52,5
DA:53,2
DA:56,4
DA:57,4
LF:15
LH:15
end_of_record
SF:lib/src/atoms/button/secondary_button.dart
DA:12,3
DA:21,3
DA:23,3
DA:24,6
DA:25,3
DA:32,3
DA:33,3
DA:35,3
DA:39,3
DA:48,3
DA:51,3
DA:52,3
DA:53,0
DA:56,3
DA:57,3
LF:15
LH:14
end_of_record
SF:lib/src/atoms/button/text_button.dart
DA:11,1
DA:19,1
DA:21,1
DA:22,1
DA:23,1
DA:24,1
DA:30,1
DA:32,1
DA:33,2
DA:34,2
DA:37,1
DA:38,1
DA:39,1
DA:42,1
LF:14
LH:14
end_of_record
SF:lib/src/atoms/input/text_input.dart
DA:21,5
DA:39,5
DA:41,5
DA:42,10
DA:44,5
DA:46,5
DA:47,8
DA:48,3
DA:49,3
DA:50,3
DA:60,5
DA:61,5
DA:62,5
DA:63,5
DA:64,5
DA:65,5
DA:66,5
DA:67,5
DA:68,5
DA:70,5
DA:71,5
DA:72,5
DA:78,5
DA:79,1
DA:80,1
DA:87,5
DA:88,1
DA:90,1
DA:91,1
DA:92,1
DA:95,1
DA:97,1
DA:98,1
LF:33
LH:33
end_of_record
SF:lib/src/atoms/typography/heading.dart
DA:11,11
DA:19,8
DA:21,8
DA:22,16
DA:28,8
DA:29,8
DA:36,8
DA:43,8
DA:50,6
DA:57,3
DA:64,2
DA:73,8
DA:74,8
DA:75,8
DA:76,8
DA:79,8
LF:16
LH:16
end_of_record
SF:lib/src/atoms/typography/body_text.dart
DA:13,15
DA:23,12
DA:25,12
DA:26,24
DA:32,12
DA:33,12
DA:40,6
DA:47,2
DA:56,12
DA:57,12
DA:58,12
DA:59,12
DA:60,12
DA:61,12
DA:64,12
LF:15
LH:15
end_of_record
SF:lib/src/atoms/badge/badge.dart
DA:10,4
DA:17,3
DA:22,3
DA:23,3
DA:27,3
DA:31,2
DA:35,2
DA:39,2
DA:43,2
DA:52,3
DA:53,3
DA:57,2
DA:61,1
DA:67,3
DA:68,3
DA:70,3
DA:72,3
DA:74,3
DA:76,3
DA:77,3
DA:78,3
LF:21
LH:21
end_of_record
SF:lib/src/atoms/icon/icon_atom.dart
DA:11,10
DA:19,8
DA:21,8
DA:22,16
DA:23,24
DA:25,8
DA:26,8
DA:29,8
DA:34,8
DA:36,8
DA:38,8
DA:40,1
DA:42,1
LF:13
LH:13
end_of_record
SF:lib/src/atoms/divider/divider.dart
DA:12,4
DA:21,4
DA:23,4
DA:24,4
DA:25,4
DA:26,4
DA:27,4
DA:28,4
LF:8
LH:8
end_of_record
SF:lib/src/molecules/card/simple_card.dart
DA:15,3
DA:25,3
DA:27,3
DA:29,3
DA:30,3
DA:32,3
DA:33,3
DA:34,3
DA:35,3
DA:36,3
DA:37,3
DA:40,3
DA:41,4
DA:42,3
DA:45,3
DA:46,3
DA:47,3
DA:48,3
DA:49,3
DA:53,4
DA:55,1
DA:59,6
DA:60,3
DA:61,3
DA:62,3
DA:63,3
DA:66,6
DA:67,4
DA:68,2
DA:69,6
LF:30
LH:30
end_of_record
SF:lib/src/molecules/form/form_field_group.dart
DA:12,3
DA:20,3
DA:22,3
DA:23,6
DA:25,3
DA:27,3
DA:28,3
DA:29,3
DA:34,6
DA:35,6
DA:40,5
DA:42,1
DA:43,1
DA:49,1
DA:52,4
DA:54,1
DA:55,1
LF:17
LH:17
end_of_record
SF:lib/src/molecules/search_bar/search_bar.dart
DA:11,1
DA:19,1
DA:21,1
DA:22,1
DA:23,1
DA:24,1
DA:26,4
DA:27,1
LF:8
LH:8
end_of_record
SF:lib/src/molecules/list_item/list_item.dart
DA:16,2
DA:26,2
DA:28,2
DA:29,2
DA:30,2
DA:35,2
DA:36,2
DA:37,4
DA:38,2
DA:39,2
DA:40,2
DA:44,2
DA:45,2
DA:47,2
DA:48,2
DA:49,2
DA:52,4
DA:54,2
DA:55,2
DA:62,4
DA:64,2
LF:21
LH:21
end_of_record
SF:lib/src/molecules/avatar/avatar.dart
DA:12,1
DA:21,1
DA:23,1
DA:24,1
DA:25,1
DA:26,1
DA:28,1
DA:29,1
DA:30,0
DA:31,0
DA:36,2
DA:37,1
DA:38,1
DA:39,2
DA:40,1
DA:41,1
DA:42,2
LF:17
LH:15
end_of_record
SF:lib/src/molecules/alert/alert.dart
DA:13,2
DA:21,2
DA:27,2
DA:28,2
DA:29,2
DA:33,1
DA:34,1
DA:38,1
DA:39,1
DA:43,1
DA:44,1
DA:50,2
DA:52,2
DA:54,2
DA:55,4
DA:57,2
DA:59,2
DA:60,2
DA:66,2
DA:67,2
DA:69,2
DA:70,4
DA:71,2
DA:72,2
DA:78,2
DA:79,2
DA:86,3
DA:88,1
DA:89,1
DA:90,1
LF:30
LH:30
end_of_record
SF:lib/src/organisms/header/app_header.dart
DA:13,4
DA:21,4
DA:23,4
DA:28,4
DA:30,4
DA:31,4
DA:37,4
DA:38,4
DA:39,4
DA:40,1
DA:41,1
DA:42,1
DA:44,4
DA:45,1
DA:47,1
DA:48,1
DA:49,1
DA:59,4
DA:60,4
DA:61,4
DA:65,6
DA:67,4
LF:22
LH:22
end_of_record
SF:lib/src/organisms/footer/app_footer.dart
DA:11,2
DA:17,2
DA:19,2
DA:24,2
DA:26,2
DA:27,2
DA:33,2
DA:35,2
DA:36,3
DA:37,1
DA:39,1
DA:40,3
DA:46,1
DA:52,2
DA:53,2
LF:15
LH:15
end_of_record
SF:lib/src/organisms/data_table/data_table.dart
DA:13,2
DA:20,2
DA:22,2
DA:24,2
DA:25,2
DA:27,2
DA:30,2
DA:31,4
DA:32,2
DA:34,2
DA:35,2
DA:41,2
DA:43,2
DA:44,2
DA:45,6
DA:46,2
DA:51,2
DA:52,2
DA:53,6
DA:55,6
DA:56,2
DA:61,2
DA:63,2
LF:23
LH:23
end_of_record
SF:lib/src/organisms/navigation/nav_bar.dart
DA:12,4
DA:19,4
DA:21,4
DA:22,8
DA:24,4
DA:25,4
DA:27,4
DA:28,4
DA:34,4
DA:35,4
DA:37,20
DA:38,4
DA:39,4
DA:40,8
DA:42,4
DA:43,4
DA:45,4
DA:46,6
DA:47,4
DA:52,4
DA:54,4
DA:55,4
DA:56,4
DA:62,4
DA:66,4
DA:67,4
DA:74,4
DA:82,4
DA:93,4
LF:29
LH:29
end_of_record
SF:lib/src/organisms/form/complex_form.dart
DA:16,2
DA:27,2
DA:29,2
DA:30,2
DA:31,2
DA:33,2
DA:34,2
DA:35,2
DA:36,4
DA:37,2
DA:38,2
DA:39,2
DA:44,2
DA:45,2
DA:46,2
DA:47,2
LF:16
LH:16
end_of_record
SF:lib/src/templates/base_layout.dart
DA:15,2
DA:27,2
DA:29,2
DA:31,4
DA:32,2
DA:33,4
DA:34,2
DA:35,2
DA:36,1
DA:38,1
DA:43,2
DA:44,2
DA:45,6
DA:46,2
DA:47,2
DA:49,2
DA:52,6
DA:55,2
LF:18
LH:18
end_of_record
SF:lib/src/templates/dashboard_layout.dart
DA:16,3
DA:26,3
DA:28,3
DA:30,3
DA:31,3
DA:32,3
DA:33,3
DA:34,3
DA:36,3
DA:37,3
DA:41,3
DA:42,3
DA:43,3
DA:44,3
LF:14
LH:14
end_of_record
SF:lib/src/templates/auth_layout.dart
DA:10,3
DA:12,3
DA:14,3
DA:15,6
DA:17,3
DA:21,3
DA:22,3
DA:23,3
DA:28,3
DA:30,3
DA:33,3
DA:34,6
DA:35,3
DA:36,3
DA:38,3
DA:48,6
DA:49,3
DA:50,3
DA:52,3
DA:62,3
LF:20
LH:20
end_of_record
SF:lib/src/pages/login_page.dart
DA:12,1
DA:14,1
DA:15,1
DA:24,1
DA:26,2
DA:27,2
DA:28,1
DA:31,1
DA:32,3
DA:33,0
DA:34,0
DA:37,0
DA:38,0
DA:39,0
DA:45,1
DA:47,1
DA:50,1
DA:51,1
DA:52,1
DA:54,1
DA:55,1
DA:57,1
DA:58,1
DA:59,1
DA:62,1
DA:63,1
DA:66,1
DA:75,1
DA:77,1
DA:78,1
DA:79,1
DA:82,1
DA:83,1
DA:86,2
DA:95,1
DA:97,1
DA:104,1
DA:106,1
DA:107,1
DA:111,1
DA:113,0
LF:41
LH:35
end_of_record
SF:lib/src/pages/dashboard_page.dart
DA:12,1
DA:14,1
DA:16,1
DA:19,0
DA:20,1
DA:21,1
DA:22,1
DA:23,1
DA:24,1
DA:26,1
DA:28,1
DA:30,1
DA:36,1
DA:37,1
DA:38,1
DA:39,1
DA:42,1
DA:44,1
DA:45,1
DA:46,1
DA:51,1
DA:62,1
DA:63,1
DA:66,1
DA:68,1
DA:69,1
DA:70,1
DA:75,1
DA:93,1
DA:102,1
LF:30
LH:29
end_of_record
