SF:lib/src/theme/design_theme.dart
DA:6,1
DA:7,1
DA:9,1
DA:20,1
DA:21,1
DA:26,1
DA:31,1
DA:36,1
DA:41,1
DA:46,1
DA:51,1
DA:56,1
DA:62,1
DA:63,1
DA:68,1
DA:69,1
DA:73,1
DA:74,1
DA:79,1
DA:80,1
DA:84,1
DA:85,1
DA:92,1
DA:95,1
DA:96,1
DA:99,1
DA:100,1
DA:103,1
DA:104,1
DA:107,1
DA:108,1
DA:116,1
DA:118,1
DA:119,1
DA:125,0
DA:126,0
DA:129,0
DA:140,0
DA:141,0
DA:146,0
DA:151,0
DA:156,0
DA:161,0
DA:166,0
DA:171,0
DA:176,0
DA:182,0
DA:183,0
DA:188,0
DA:189,0
DA:193,0
DA:194,0
DA:199,0
DA:200,0
DA:204,0
DA:205,0
DA:212,0
DA:215,0
DA:216,0
DA:219,0
DA:220,0
DA:223,0
DA:224,0
DA:227,0
DA:228,0
DA:236,0
DA:238,0
DA:239,0
LF:68
LH:34
end_of_record
SF:lib/src/atoms/button/primary_button.dart
DA:12,1
DA:21,1
DA:23,1
DA:24,2
DA:25,1
DA:32,1
DA:33,1
DA:35,1
DA:39,1
DA:50,1
DA:53,1
DA:54,2
DA:55,2
DA:58,1
DA:59,1
LF:15
LH:15
end_of_record
SF:lib/src/atoms/button/secondary_button.dart
DA:12,1
DA:21,1
DA:23,1
DA:24,2
DA:25,1
DA:32,1
DA:33,1
DA:35,1
DA:39,1
DA:48,1
DA:51,1
DA:52,1
DA:53,0
DA:56,1
DA:57,1
LF:15
LH:14
end_of_record
SF:lib/src/atoms/button/text_button.dart
DA:11,1
DA:19,1
DA:21,1
DA:22,1
DA:23,1
DA:24,1
DA:30,1
DA:32,1
DA:33,2
DA:34,2
DA:37,1
DA:38,1
DA:39,1
DA:42,1
LF:14
LH:14
end_of_record
SF:lib/src/atoms/input/text_input.dart
DA:21,1
DA:39,1
DA:41,1
DA:42,2
DA:44,1
DA:46,1
DA:47,2
DA:48,1
DA:49,1
DA:50,1
DA:60,1
DA:61,1
DA:62,1
DA:63,1
DA:64,1
DA:65,1
DA:66,1
DA:67,1
DA:68,1
DA:70,1
DA:71,1
DA:72,1
DA:78,1
DA:79,1
DA:80,1
DA:87,1
DA:88,0
DA:90,0
DA:91,0
DA:92,0
DA:95,0
DA:97,0
DA:98,0
LF:33
LH:26
end_of_record
SF:lib/src/atoms/typography/heading.dart
DA:11,1
DA:19,1
DA:21,1
DA:22,2
DA:28,1
DA:29,1
DA:36,1
DA:43,1
DA:50,1
DA:57,1
DA:64,1
DA:73,1
DA:74,1
DA:75,1
DA:76,1
DA:79,1
LF:16
LH:16
end_of_record
SF:lib/src/atoms/typography/body_text.dart
DA:13,1
DA:23,1
DA:25,1
DA:26,2
DA:32,1
DA:33,1
DA:40,1
DA:47,1
DA:56,1
DA:57,1
DA:58,1
DA:59,1
DA:60,1
DA:61,1
DA:64,1
LF:15
LH:15
end_of_record
SF:lib/src/atoms/badge/badge.dart
DA:10,1
DA:17,1
DA:22,1
DA:23,1
DA:27,1
DA:31,1
DA:35,1
DA:39,1
DA:43,1
DA:52,1
DA:53,1
DA:57,1
DA:61,1
DA:67,1
DA:68,2
DA:69,1
DA:71,1
DA:73,1
DA:74,1
DA:75,1
LF:20
LH:20
end_of_record
SF:lib/src/atoms/icon/icon_atom.dart
DA:11,1
DA:19,1
DA:21,1
DA:22,2
DA:23,3
DA:25,1
DA:26,1
DA:29,1
DA:34,1
DA:36,1
DA:38,1
DA:40,1
DA:42,1
LF:13
LH:13
end_of_record
SF:lib/src/atoms/divider/divider.dart
DA:12,1
DA:21,1
DA:23,1
DA:24,1
DA:25,1
DA:26,1
DA:27,1
DA:28,1
LF:8
LH:8
end_of_record
SF:lib/src/molecules/card/simple_card.dart
DA:15,1
DA:25,1
DA:27,1
DA:29,1
DA:30,1
DA:32,1
DA:33,1
DA:34,1
DA:35,1
DA:36,1
DA:37,1
DA:40,1
DA:41,1
DA:42,1
DA:45,1
DA:46,1
DA:47,1
DA:48,2
DA:50,1
DA:52,0
DA:56,2
DA:57,1
DA:58,1
DA:59,2
DA:60,1
DA:61,0
DA:62,0
DA:63,0
LF:28
LH:24
end_of_record
SF:lib/src/molecules/form/form_field_group.dart
DA:12,1
DA:20,1
DA:22,1
DA:23,2
DA:25,1
DA:27,1
DA:28,1
DA:29,1
DA:34,2
DA:35,2
DA:40,3
DA:42,1
DA:43,1
DA:49,1
DA:52,2
DA:54,1
DA:55,1
LF:17
LH:17
end_of_record
SF:lib/src/molecules/search_bar/search_bar.dart
DA:11,1
DA:19,1
DA:21,1
DA:22,1
DA:23,1
DA:24,1
DA:26,2
DA:27,1
LF:8
LH:8
end_of_record
SF:lib/src/molecules/list_item/list_item.dart
DA:16,1
DA:26,1
DA:28,1
DA:29,1
DA:30,1
DA:35,1
DA:36,1
DA:37,1
DA:38,0
DA:39,0
DA:40,0
DA:44,1
DA:45,1
DA:47,1
DA:48,2
DA:49,2
DA:51,2
DA:56,1
DA:58,0
LF:19
LH:15
end_of_record
SF:lib/src/molecules/avatar/avatar.dart
DA:12,1
DA:21,1
DA:23,1
DA:24,1
DA:25,1
DA:26,1
DA:28,1
DA:29,1
DA:30,0
DA:33,2
DA:34,1
DA:35,1
DA:36,2
DA:37,1
DA:38,1
DA:39,2
LF:16
LH:15
end_of_record
SF:lib/src/molecules/alert/alert.dart
DA:13,1
DA:21,1
DA:27,1
DA:28,1
DA:29,1
DA:33,1
DA:34,1
DA:38,1
DA:39,1
DA:43,1
DA:44,1
DA:50,1
DA:52,1
DA:54,1
DA:55,2
DA:57,1
DA:59,1
DA:60,1
DA:66,1
DA:67,1
DA:69,1
DA:70,2
DA:71,1
DA:72,1
DA:78,1
DA:79,1
DA:86,1
DA:88,0
DA:89,0
DA:90,0
LF:30
LH:27
end_of_record
SF:lib/src/organisms/header/app_header.dart
DA:13,1
DA:21,1
DA:23,1
DA:28,1
DA:30,1
DA:31,1
DA:34,1
DA:35,1
DA:36,1
DA:37,0
DA:38,1
DA:39,0
DA:41,0
DA:42,0
DA:43,0
DA:53,1
DA:54,2
DA:56,1
DA:58,0
LF:19
LH:13
end_of_record
SF:lib/src/organisms/footer/app_footer.dart
DA:11,1
DA:13,1
DA:15,1
DA:20,1
DA:22,2
DA:24,1
DA:26,1
DA:27,1
DA:28,0
DA:30,0
DA:31,0
DA:32,0
DA:39,0
DA:45,1
DA:46,1
LF:15
LH:10
end_of_record
SF:lib/src/organisms/data_table/data_table.dart
DA:13,1
DA:20,1
DA:22,1
DA:24,1
DA:25,1
DA:27,1
DA:30,1
DA:31,2
DA:32,1
DA:34,2
DA:38,1
DA:40,1
DA:41,1
DA:42,1
DA:43,2
DA:44,1
DA:47,1
DA:48,1
DA:49,1
DA:50,2
DA:52,1
DA:53,2
DA:54,1
DA:57,1
DA:60,1
LF:25
LH:25
end_of_record
SF:lib/src/organisms/navigation/nav_bar.dart
DA:12,1
DA:19,1
DA:21,1
DA:22,2
DA:24,1
DA:25,1
DA:27,1
DA:28,1
DA:34,1
DA:35,1
DA:37,5
DA:38,1
DA:39,1
DA:40,2
DA:42,1
DA:43,1
DA:45,1
DA:46,0
DA:47,1
DA:52,1
DA:54,1
DA:55,1
DA:56,1
DA:62,1
DA:66,1
DA:67,1
DA:74,1
DA:82,1
DA:93,1
LF:29
LH:28
end_of_record
SF:lib/src/organisms/form/complex_form.dart
DA:16,1
DA:27,1
DA:29,1
DA:30,1
DA:31,1
DA:33,1
DA:34,1
DA:35,1
DA:36,2
DA:37,1
DA:38,1
DA:39,1
DA:44,1
DA:45,1
DA:46,1
DA:47,1
LF:16
LH:16
end_of_record
SF:lib/src/templates/base_layout.dart
DA:15,1
DA:27,1
DA:29,1
DA:31,2
DA:32,1
DA:33,2
DA:34,1
DA:35,1
DA:36,0
DA:38,0
DA:43,1
DA:45,1
DA:46,1
DA:47,1
DA:48,1
DA:49,1
DA:51,1
DA:54,1
DA:58,1
LF:19
LH:17
end_of_record
SF:lib/src/templates/dashboard_layout.dart
DA:16,1
DA:26,1
DA:28,1
DA:30,1
DA:32,1
DA:33,1
DA:34,3
DA:35,2
DA:39,1
DA:40,1
DA:41,1
DA:42,1
LF:12
LH:12
end_of_record
SF:lib/src/templates/auth_layout.dart
DA:10,1
DA:17,1
DA:19,1
DA:20,2
DA:22,1
DA:26,1
DA:28,1
DA:29,1
DA:34,1
DA:36,1
DA:39,1
DA:40,2
DA:41,1
DA:42,1
DA:44,1
DA:54,2
DA:55,1
DA:56,1
DA:58,1
DA:68,1
LF:20
LH:20
end_of_record
SF:lib/src/pages/login_page.dart
DA:12,0
DA:14,0
DA:15,0
DA:24,0
DA:26,0
DA:27,0
DA:28,0
DA:31,0
DA:32,0
DA:33,0
DA:34,0
DA:37,0
DA:38,0
DA:39,0
DA:45,0
DA:47,0
DA:50,0
DA:51,0
DA:52,0
DA:54,0
DA:55,0
DA:57,0
DA:58,0
DA:59,0
DA:62,0
DA:63,0
DA:66,0
DA:75,0
DA:77,0
DA:78,0
DA:79,0
DA:82,0
DA:83,0
DA:86,0
DA:95,0
DA:97,0
DA:104,0
DA:106,0
DA:107,0
DA:111,0
DA:113,0
LF:41
LH:0
end_of_record
SF:lib/src/pages/dashboard_page.dart
DA:12,0
DA:14,0
DA:16,0
DA:19,0
DA:20,0
DA:21,0
DA:22,0
DA:23,0
DA:24,0
DA:26,0
DA:28,0
DA:30,0
DA:33,0
DA:34,0
DA:35,0
DA:36,0
DA:39,0
DA:43,0
DA:44,0
DA:45,0
DA:47,0
DA:58,0
DA:59,0
DA:62,0
DA:66,0
DA:67,0
DA:68,0
DA:70,0
DA:85,0
DA:94,0
LF:30
LH:0
end_of_record
